定时任务启动: 2015-05-27 16:23:52
[定时器ID: 0] ---- [任务ID: 1] ----[启动时间:]2015-05-27 16:23:52
[定时器ID: 1] ---- [任务ID: 2] ----[启动时间:]2015-05-27 16:23:52
[2015-05-27 16:29:10 #4005.0]	NOTICE	Server is shutdown now.
服务器关闭: 2015-05-27 16:29:10
定时任务启动: 2015-05-27 16:29:24
[定时器ID: 0] ---- [任务ID: 1] ----[启动时间:]2015-05-27 16:29:24
[定时器ID: 1] ---- [任务ID: 2] ----[启动时间:]2015-05-27 16:29:24
[2015-05-27 16:37:11 #4064.0]	WARN	swServer_signal_hanlder: Fatal Error: manager process exit. status=0, signal=0.
定时任务启动: 2015-05-27 16:38:33
[定时器ID: 0] ---- [任务ID: 1] ----[启动时间:]2015-05-27 16:38:33
[定时器ID: 1] ---- [任务ID: 2] ----[启动时间:]2015-05-27 16:38:33
[定时器ID: 2] ---- [任务ID: 3] ----[启动时间:]2015-05-27 16:38:33
[2015-05-27 16:50:17 #4100.0]	NOTICE	Server is shutdown now.
服务器关闭: 2015-05-27 16:50:17
定时任务启动: 2015-05-27 16:50:28
[定时器ID: 0] ---- [任务ID: 1] ----[启动时间:]2015-05-27 16:50:28
[定时器ID: 1] ---- [任务ID: 2] ----[启动时间:]2015-05-27 16:50:28
[定时器ID: 2] ---- [任务ID: 3] ----[启动时间:]2015-05-27 16:50:28
[2015-05-27 17:02:28 #4136.0]	NOTICE	Server is shutdown now.
服务器关闭: 2015-05-27 17:02:28
服务器启动: 2015-05-27 17:03:47
定时任务启动: 2015-05-27 17:03:47
[定时器ID: 0] ---- [任务ID: 1] ----[启动时间:]2015-05-27 17:03:47
[定时器ID: 1] ---- [任务ID: 2] ----[启动时间:]2015-05-27 17:03:47
[定时器ID: 2] ---- [任务ID: 3] ----[启动时间:]2015-05-27 17:03:47
[2015-05-27 17:08:04 #4185.0]	NOTICE	Server is shutdown now.
服务器关闭: 2015-05-27 17:08:04
服务器启动: 2015-05-27 17:08:13
定时任务启动: 2015-05-27 17:08:13
[定时器ID: 0] ---- [任务ID: 1] ----[启动时间:]2015-05-27 17:08:13
[定时器ID: 1] ---- [任务ID: 2] ----[启动时间:]2015-05-27 17:08:13
[定时器ID: 2] ---- [任务ID: 3] ----[启动时间:]2015-05-27 17:08:13
[2015-05-27 17:10:27 #4210.0]	NOTICE	Server is shutdown now.
服务器关闭: 2015-05-27 17:10:27
定时任务启动: 2015-05-27 17:10:36
服务器启动: 2015-05-27 17:10:36
[定时器ID: 0] ---- [任务ID: 1] ----[启动时间:]2015-05-27 17:10:36
[定时器ID: 1] ---- [任务ID: 2] ----[启动时间:]2015-05-27 17:10:36
[定时器ID: 2] ---- [任务ID: 3] ----[启动时间:]2015-05-27 17:10:36

Worker进程重启: 2015-05-27 17:11:07
[2015-05-27 17:16:43 #4241.0]	NOTICE	Server is shutdown now.
服务器关闭: 2015-05-27 17:16:43
服务器启动: 2015-05-27 17:16:56
定时任务启动: 2015-05-27 17:16:56
[定时器ID: 0] ---- [任务ID: 1] ----[启动时间:]2015-05-27 17:16:56
[定时器ID: 1] ---- [任务ID: 2] ----[启动时间:]2015-05-27 17:16:56
[定时器ID: 2] ---- [任务ID: 3] ----[启动时间:]2015-05-27 17:16:56
reload
Worker进程重启: 2015-05-27 17:17:25
定时任务启动: 2015-05-27 17:17:25
[定时器ID: 0] ---- [任务ID: 1] ----[启动时间:]2015-05-27 17:17:25
[定时器ID: 1] ---- [任务ID: 2] ----[启动时间:]2015-05-27 17:17:25
[定时器ID: 2] ---- [任务ID: 3] ----[启动时间:]2015-05-27 17:17:25
stop
服务器关闭: 2015-05-27 17:17:39
[2015-05-27 17:17:39 #4277.0]	NOTICE	Server is shutdown now.
服务器关闭: 2015-05-27 17:17:39
定时任务启动: 2015-05-27 17:17:50
服务器启动: 2015-05-27 17:17:50
[定时器ID: 0] ---- [任务ID: 1] ----[启动时间:]2015-05-27 17:17:50
[定时器ID: 1] ---- [任务ID: 2] ----[启动时间:]2015-05-27 17:17:50
[定时器ID: 2] ---- [任务ID: 3] ----[启动时间:]2015-05-27 17:17:50
stop
服务器关闭: 2015-05-27 18:25:31
[2015-05-27 18:25:31 #4301.0]	NOTICE	Server is shutdown now.
服务器关闭: 2015-05-27 18:25:31
